21:56:42 INFO  : Registering command handlers for SDK TCF services
21:56:42 INFO  : Launching XSCT server: xsct.bat -interactive D:\Labs\MiniProject_1\MiniProject_1.sdk\temp_xsdb_launch_script.tcl
21:56:46 INFO  : XSCT server has started successfully.
21:56:46 INFO  : Successfully done setting XSCT server connection channel  
21:56:49 INFO  : Successfully done setting SDK workspace  
21:56:49 INFO  : Processing command line option -hwspec D:/Labs/MiniProject_1/MiniProject_1.sdk/MP1_BRAM_wrapper.hdf.
22:17:49 INFO  : Connected to target on host '127.0.0.1' and port '3121'.
22:17:52 INFO  : 'targets -set -filter {jtag_cable_name =~ "Digilent Zybo Z7 210351B0FD69A" && level==0} -index 1' command is executed.
22:17:53 INFO  : FPGA configured successfully with bitstream "D:/Labs/MiniProject_1/MiniProject_1.sdk/MP1_BRAM_wrapper_hw_platform_0/MP1_BRAM_wrapper.bit"
22:18:27 INFO  : 'targets -set -filter {jtag_cable_name =~ "Digilent Zybo Z7 210351B0FD69A" && level==0} -index 1' command is executed.
22:18:27 INFO  : 'fpga -state' command is executed.
22:18:27 INFO  : Connected to target on host '127.0.0.1' and port '3121'.
22:18:27 INFO  : Jtag cable 'Digilent Zybo Z7 210351B0FD69A' is selected.
22:18:27 INFO  : 'jtag frequency' command is executed.
22:18:27 INFO  : Sourcing of 'D:/Labs/MiniProject_1/MiniProject_1.sdk/MP1_BRAM_wrapper_hw_platform_0/ps7_init.tcl' is done.
22:18:27 INFO  : Context for 'APU' is selected.
22:18:27 INFO  : Hardware design information is loaded from 'D:/Labs/MiniProject_1/MiniProject_1.sdk/MP1_BRAM_wrapper_hw_platform_0/system.hdf'.
22:18:27 INFO  : 'configparams force-mem-access 1' command is executed.
22:18:27 INFO  : Context for 'APU' is selected.
22:18:27 INFO  : 'stop' command is executed.
22:18:27 INFO  : 'ps7_init' command is executed.
22:18:27 INFO  : 'ps7_post_config' command is executed.
22:18:28 INFO  : Context for processor 'ps7_cortexa9_0' is selected.
22:18:28 INFO  : Processor reset is completed for 'ps7_cortexa9_0'.
22:18:28 INFO  : Context for processor 'ps7_cortexa9_0' is selected.
22:18:28 INFO  : The application 'D:/Labs/MiniProject_1/MiniProject_1.sdk/Miniproject1_WG/Debug/Miniproject1_WG.elf' is downloaded to processor 'ps7_cortexa9_0'.
22:18:28 INFO  : 'configparams force-mem-access 0' command is executed.
22:18:28 INFO  : ----------------XSDB Script----------------
connect -url tcp:127.0.0.1:3121
source D:/Labs/MiniProject_1/MiniProject_1.sdk/MP1_BRAM_wrapper_hw_platform_0/ps7_init.tcl
targets -set -nocase -filter {name =~"APU*" && jtag_cable_name =~ "Digilent Zybo Z7 210351B0FD69A"} -index 0
loadhw -hw D:/Labs/MiniProject_1/MiniProject_1.sdk/MP1_BRAM_wrapper_hw_platform_0/system.hdf -mem-ranges [list {0x40000000 0xbfffffff}]
configparams force-mem-access 1
targets -set -nocase -filter {name =~"APU*" && jtag_cable_name =~ "Digilent Zybo Z7 210351B0FD69A"} -index 0
stop
ps7_init
ps7_post_config
targets -set -nocase -filter {name =~ "ARM*#0" && jtag_cable_name =~ "Digilent Zybo Z7 210351B0FD69A"} -index 0
rst -processor
targets -set -nocase -filter {name =~ "ARM*#0" && jtag_cable_name =~ "Digilent Zybo Z7 210351B0FD69A"} -index 0
dow D:/Labs/MiniProject_1/MiniProject_1.sdk/Miniproject1_WG/Debug/Miniproject1_WG.elf
configparams force-mem-access 0
----------------End of Script----------------

22:18:28 INFO  : Memory regions updated for context APU
22:18:28 INFO  : Context for processor 'ps7_cortexa9_0' is selected.
22:18:28 INFO  : 'con' command is executed.
22:18:28 INFO  : ----------------XSDB Script (After Launch)----------------
targets -set -nocase -filter {name =~ "ARM*#0" && jtag_cable_name =~ "Digilent Zybo Z7 210351B0FD69A"} -index 0
con
----------------End of Script----------------

22:18:28 INFO  : Launch script is exported to file 'D:\Labs\MiniProject_1\MiniProject_1.sdk\.sdk\launch_scripts\xilinx_c-c++_application_(system_debugger)\system_debugger_using_debug_miniproject1_wg.elf_on_local.tcl'
22:19:07 INFO  : Disconnected from the channel tcfchan#1.
22:19:08 INFO  : 'targets -set -filter {jtag_cable_name =~ "Digilent Zybo Z7 210351B0FD69A" && level==0} -index 1' command is executed.
22:19:08 INFO  : 'fpga -state' command is executed.
22:19:08 INFO  : Connected to target on host '127.0.0.1' and port '3121'.
22:19:09 INFO  : Jtag cable 'Digilent Zybo Z7 210351B0FD69A' is selected.
22:19:09 INFO  : 'jtag frequency' command is executed.
22:19:09 INFO  : Sourcing of 'D:/Labs/MiniProject_1/MiniProject_1.sdk/MP1_BRAM_wrapper_hw_platform_0/ps7_init.tcl' is done.
22:19:09 INFO  : Context for 'APU' is selected.
22:19:10 INFO  : Hardware design information is loaded from 'D:/Labs/MiniProject_1/MiniProject_1.sdk/MP1_BRAM_wrapper_hw_platform_0/system.hdf'.
22:19:10 INFO  : 'configparams force-mem-access 1' command is executed.
22:19:10 INFO  : Context for 'APU' is selected.
22:19:10 INFO  : 'stop' command is executed.
22:19:10 INFO  : 'ps7_init' command is executed.
22:19:10 INFO  : 'ps7_post_config' command is executed.
22:19:10 INFO  : Context for processor 'ps7_cortexa9_0' is selected.
22:19:10 INFO  : Processor reset is completed for 'ps7_cortexa9_0'.
22:19:10 INFO  : Context for processor 'ps7_cortexa9_0' is selected.
22:19:11 INFO  : The application 'D:/Labs/MiniProject_1/MiniProject_1.sdk/Miniproject1_WG/Debug/Miniproject1_WG.elf' is downloaded to processor 'ps7_cortexa9_0'.
22:19:11 INFO  : 'configparams force-mem-access 0' command is executed.
22:19:11 INFO  : ----------------XSDB Script----------------
connect -url tcp:127.0.0.1:3121
source D:/Labs/MiniProject_1/MiniProject_1.sdk/MP1_BRAM_wrapper_hw_platform_0/ps7_init.tcl
targets -set -nocase -filter {name =~"APU*" && jtag_cable_name =~ "Digilent Zybo Z7 210351B0FD69A"} -index 0
loadhw -hw D:/Labs/MiniProject_1/MiniProject_1.sdk/MP1_BRAM_wrapper_hw_platform_0/system.hdf -mem-ranges [list {0x40000000 0xbfffffff}]
configparams force-mem-access 1
targets -set -nocase -filter {name =~"APU*" && jtag_cable_name =~ "Digilent Zybo Z7 210351B0FD69A"} -index 0
stop
ps7_init
ps7_post_config
targets -set -nocase -filter {name =~ "ARM*#0" && jtag_cable_name =~ "Digilent Zybo Z7 210351B0FD69A"} -index 0
rst -processor
targets -set -nocase -filter {name =~ "ARM*#0" && jtag_cable_name =~ "Digilent Zybo Z7 210351B0FD69A"} -index 0
dow D:/Labs/MiniProject_1/MiniProject_1.sdk/Miniproject1_WG/Debug/Miniproject1_WG.elf
configparams force-mem-access 0
----------------End of Script----------------

22:19:11 INFO  : Memory regions updated for context APU
22:19:11 INFO  : Context for processor 'ps7_cortexa9_0' is selected.
22:19:11 INFO  : 'con' command is executed.
22:19:11 INFO  : ----------------XSDB Script (After Launch)----------------
targets -set -nocase -filter {name =~ "ARM*#0" && jtag_cable_name =~ "Digilent Zybo Z7 210351B0FD69A"} -index 0
con
----------------End of Script----------------

22:19:11 INFO  : Launch script is exported to file 'D:\Labs\MiniProject_1\MiniProject_1.sdk\.sdk\launch_scripts\xilinx_c-c++_application_(system_debugger)\system_debugger_using_debug_miniproject1_wg.elf_on_local.tcl'
