Copyright 1986-2019 Xilinx, Inc. All Rights Reserved.
----------------------------------------------------------------------------------------------------------------------------------------------------------------------
| Tool Version     : Vivado v.2019.1 (win64) Build 2552052 Fri May 24 14:49:42 MDT 2019
| Date             : Sat May 15 21:48:33 2021
| Host             : DESKTOP-LR85IAF running 64-bit major release  (build 9200)
| Command          : report_power -file MP1_BRAM_wrapper_power_routed.rpt -pb MP1_BRAM_wrapper_power_summary_routed.pb -rpx MP1_BRAM_wrapper_power_routed.rpx
| Design           : MP1_BRAM_wrapper
| Device           : xc7z010clg400-1
| Design State     : routed
| Grade            : commercial
| Process          : typical
| Characterization : Production
----------------------------------------------------------------------------------------------------------------------------------------------------------------------

Power Report

Table of Contents
-----------------
1. Summary
1.1 On-Chip Components
1.2 Power Supply Summary
1.3 Confidence Level
2. Settings
2.1 Environment
2.2 Clock Constraints
3. Detailed Reports
3.1 By Hierarchy

1. Summary
----------

+--------------------------+--------------+
| Total On-Chip Power (W)  | 1.545        |
| Design Power Budget (W)  | Unspecified* |
| Power Budget Margin (W)  | NA           |
| Dynamic (W)              | 1.429        |
| Device Static (W)        | 0.116        |
| Effective TJA (C/W)      | 11.5         |
| Max Ambient (C)          | 67.2         |
| Junction Temperature (C) | 42.8         |
| Confidence Level         | Medium       |
| Setting File             | ---          |
| Simulation Activity File | ---          |
| Design Nets Matched      | NA           |
+--------------------------+--------------+
* Specify Design Power Budget using, set_operating_conditions -design_power_budget <value in Watts>


1.1 On-Chip Components
----------------------

+--------------------------+-----------+----------+-----------+-----------------+
| On-Chip                  | Power (W) | Used     | Available | Utilization (%) |
+--------------------------+-----------+----------+-----------+-----------------+
| Clocks                   |     0.009 |        3 |       --- |             --- |
| Slice Logic              |     0.006 |     4555 |       --- |             --- |
|   LUT as Logic           |     0.005 |     1552 |     17600 |            8.82 |
|   Register               |    <0.001 |     1969 |     35200 |            5.59 |
|   LUT as Distributed RAM |    <0.001 |      104 |      6000 |            1.73 |
|   LUT as Shift Register  |    <0.001 |      146 |      6000 |            2.43 |
|   CARRY4                 |    <0.001 |        4 |      4400 |            0.09 |
|   F7/F8 Muxes            |    <0.001 |        3 |     17600 |            0.02 |
|   Others                 |     0.000 |      276 |       --- |             --- |
| Signals                  |     0.008 |     3062 |       --- |             --- |
| Block RAM                |     0.003 |        2 |        60 |            3.33 |
| PS7                      |     1.403 |        1 |       --- |             --- |
| Static Power             |     0.116 |          |           |                 |
| Total                    |     1.545 |          |           |                 |
+--------------------------+-----------+----------+-----------+-----------------+


1.2 Power Supply Summary
------------------------

+-----------+-------------+-----------+-------------+------------+
| Source    | Voltage (V) | Total (A) | Dynamic (A) | Static (A) |
+-----------+-------------+-----------+-------------+------------+
| Vccint    |       1.000 |     0.032 |       0.025 |      0.007 |
| Vccaux    |       1.800 |     0.008 |       0.000 |      0.008 |
| Vcco33    |       3.300 |     0.000 |       0.000 |      0.000 |
| Vcco25    |       2.500 |     0.000 |       0.000 |      0.000 |
| Vcco18    |       1.800 |     0.000 |       0.000 |      0.000 |
| Vcco15    |       1.500 |     0.000 |       0.000 |      0.000 |
| Vcco135   |       1.350 |     0.000 |       0.000 |      0.000 |
| Vcco12    |       1.200 |     0.000 |       0.000 |      0.000 |
| Vccaux_io |       1.800 |     0.000 |       0.000 |      0.000 |
| Vccbram   |       1.000 |     0.001 |       0.000 |      0.001 |
| MGTAVcc   |       1.000 |     0.000 |       0.000 |      0.000 |
| MGTAVtt   |       1.200 |     0.000 |       0.000 |      0.000 |
| MGTVccaux |       1.800 |     0.000 |       0.000 |      0.000 |
| Vccpint   |       1.000 |     0.752 |       0.723 |      0.029 |
| Vccpaux   |       1.800 |     0.061 |       0.050 |      0.010 |
| Vccpll    |       1.800 |     0.018 |       0.015 |      0.003 |
| Vcco_ddr  |       1.350 |     0.413 |       0.411 |      0.002 |
| Vcco_mio0 |       1.800 |     0.004 |       0.003 |      0.001 |
| Vcco_mio1 |       1.800 |     0.001 |       0.000 |      0.001 |
| Vccadc    |       1.800 |     0.020 |       0.000 |      0.020 |
+-----------+-------------+-----------+-------------+------------+


1.3 Confidence Level
--------------------

+-----------------------------+------------+------------------------------------------------+------------------------------------------------------------------------------------------------------------+
| User Input Data             | Confidence | Details                                        | Action                                                                                                     |
+-----------------------------+------------+------------------------------------------------+------------------------------------------------------------------------------------------------------------+
| Design implementation state | High       | Design is routed                               |                                                                                                            |
| Clock nodes activity        | High       | User specified more than 95% of clocks         |                                                                                                            |
| I/O nodes activity          | High       | User specified more than 95% of inputs         |                                                                                                            |
| Internal nodes activity     | Medium     | User specified less than 25% of internal nodes | Provide missing internal nodes activity with simulation results or by editing the "By Resource Type" views |
| Device models               | High       | Device models are Production                   |                                                                                                            |
|                             |            |                                                |                                                                                                            |
| Overall confidence level    | Medium     |                                                |                                                                                                            |
+-----------------------------+------------+------------------------------------------------+------------------------------------------------------------------------------------------------------------+


2. Settings
-----------

2.1 Environment
---------------

+-----------------------+------------------------+
| Ambient Temp (C)      | 25.0                   |
| ThetaJA (C/W)         | 11.5                   |
| Airflow (LFM)         | 250                    |
| Heat Sink             | none                   |
| ThetaSA (C/W)         | 0.0                    |
| Board Selection       | medium (10"x10")       |
| # of Board Layers     | 8to11 (8 to 11 Layers) |
| Board Temperature (C) | 25.0                   |
+-----------------------+------------------------+


2.2 Clock Constraints
---------------------

+------------+-------------------------------------------------------------+-----------------+
| Clock      | Domain                                                      | Constraint (ns) |
+------------+-------------------------------------------------------------+-----------------+
| clk_fpga_0 | MP1_BRAM_i/processing_system7_0/inst/FCLK_CLK_unbuffered[0] |            10.0 |
+------------+-------------------------------------------------------------+-----------------+


3. Detailed Reports
-------------------

3.1 By Hierarchy
----------------

+--------------------------+-----------+
| Name                     | Power (W) |
+--------------------------+-----------+
| MP1_BRAM_wrapper         |     1.429 |
|   MP1_BRAM_i             |     1.429 |
|     axi_bram_ctrl_0      |     0.003 |
|       U0                 |     0.003 |
|     axi_bram_ctrl_0_bram |     0.003 |
|       U0                 |     0.003 |
|     axi_smc              |     0.019 |
|       inst               |     0.019 |
|     processing_system7_0 |     1.404 |
|       inst               |     1.404 |
+--------------------------+-----------+


